C51 COMPILER V9.59.0.0   TEXT                                                              09/12/2024 13:47:14 PAGE 1   


C51 COMPILER V9.59.0.0, COMPILATION OF MODULE TEXT
OBJECT MODULE PLACED IN .\Objects\text.obj
COMPILER INVOKED BY: D:\Keil_v5\C51\BIN\C51.EXE text.c OPTIMIZE(8,SPEED) BROWSE DEBUG OBJECTEXTEND PRINT(.\Listings\text
                    -.lst) OBJECT(.\Objects\text.obj)

line level    source

   1          #include <REGX52.H>
   2          
   3          void delay(unsigned int i){while(--i);}
   4          
   5          void main ()
   6          {
   7   1              unsigned char i,j;
   8   1              while(1)
   9   1              {
  10   2                      j=0x01;
  11   2                      for(i=0;i<8;i++)
  12   2                      {
  13   3                              P2=~(j<<i);
  14   3                              delay(30000);
  15   3                      }
  16   2                      j=0x80;
  17   2                      for(i=0;i<8;i++)
  18   2                      {
  19   3                              P2=~(j>>i);
  20   3                              delay(30000);
  21   3                      }
  22   2              }
  23   1      }


MODULE INFORMATION:   STATIC OVERLAYABLE
   CODE SIZE        =     77    ----
   CONSTANT SIZE    =   ----    ----
   XDATA SIZE       =   ----    ----
   PDATA SIZE       =   ----    ----
   DATA SIZE        =   ----    ----
   IDATA SIZE       =   ----    ----
   BIT SIZE         =   ----    ----
END OF MODULE INFORMATION.


C51 COMPILATION COMPLETE.  0 WARNING(S),  0 ERROR(S)
