C51 COMPILER V9.59.0.0   TIMER                                                             12/20/2024 16:06:40 PAGE 1   


C51 COMPILER V9.59.0.0, COMPILATION OF MODULE TIMER
OBJECT MODULE PLACED IN .\Objects\Timer.obj
COMPILER INVOKED BY: D:\Keil_v5\C51\BIN\C51.EXE Hardware\Timer.c OPTIMIZE(8,SPEED) BROWSE INCDIR(.\Hardware) DEBUG OBJEC
                    -TEXTEND PRINT(.\Listings\Timer.lst) OBJECT(.\Objects\Timer.obj)

line level    source

   1          #include <STC89C5xRC.H>
   2          #include "Timer.H"
   3          
   4          //定时器0初始化
   5          void time0_init(void)
   6          {
   7   1              TMOD |= 0x01;
   8   1              TH0 = 0xFC;
   9   1              TL0 = 0x18;
  10   1              EA = 1;
  11   1              ET0 = 1;
  12   1              TR0 = 1;
  13   1      }
  14          
  15          void time0()interrupt 1
  16          {
  17   1              static u16 i = 0;
  18   1              TH0 = 0xFC;
  19   1              TL0 = 0x18;
  20   1              if(++i == 250)
  21   1              {
  22   2                      i = 0;
  23   2                      D = !D;
  24   2              }
  25   1      }


MODULE INFORMATION:   STATIC OVERLAYABLE
   CODE SIZE        =     47    ----
   CONSTANT SIZE    =   ----    ----
   XDATA SIZE       =   ----    ----
   PDATA SIZE       =   ----    ----
   DATA SIZE        =      2    ----
   IDATA SIZE       =   ----    ----
   BIT SIZE         =   ----    ----
END OF MODULE INFORMATION.


C51 COMPILATION COMPLETE.  0 WARNING(S),  0 ERROR(S)
